INFO - [♥] Lovely 0.6.0
INFO - [♥] Game directory is at "X:\\SteamLibrary\\steamapps\\common\\Balatro"
INFO - [♥] Writing logs to "C:\\Users\\Grayson\\AppData\\Roaming\\Balatro\\Mods\\lovely\\log"
INFO - [♥] Using mod directory at "C:\\Users\\Grayson\\AppData\\Roaming\\Balatro\\Mods"
WARN - [♥] Unknown key `patches.47.?.match_indent` found in patch file at "C:\\Users\\Grayson\\AppData\\Roaming\\Balatro\\Mods\\smods-old-calc\\lovely\\fixes.toml", ignoring it
INFO - [♥] Cleaning up dumps directory at "C:\\Users\\Grayson\\AppData\\Roaming\\Balatro\\Mods\\lovely\\dump"
INFO - [♥] Initialization complete in 25ms
WARN - [♥] Pattern 'G.ARGS.score_intensity.organ = G.video_organ or G.ARGS.score_intensity.required_score > 0 and math.max(math.min(0.4, 0.1*math.log(G.ARGS.score_intensity.earned_score/(G.ARGS.score_intensity.required_score+1), 5)),0.) or 0' on target 'main.lua' resulted in no matches
WARN - [♥] Pattern 'if type(G.GAME.current_round.current_hand.chips) ~= \'number\' or type(G.GAME.current_round.current_hand.mult) ~= \'number\' then' on target 'main.lua' resulted in no matches
INFO - [♥] Applied 15 patches to 'main.lua'
INFO - [♥] Applied 2 patches to 'engine/string_packer.lua'
INFO - [♥] Applied 6 patches to 'engine/controller.lua'
INFO - [♥] Applied 13 patches to 'back.lua'
INFO - [♥] Applied 14 patches to 'tag.lua'
INFO - [♥] Applied 2 patches to 'engine/moveable.lua'
INFO - [♥] Applied 2 patches to 'engine/sprite.lua'
INFO - [♥] Applied 2 patches to 'engine/animatedsprite.lua'
WARN - [♥] Pattern 'assembled_string = assembled_string..(type(subpart) == \'string\' and subpart or args.vars[tonumber(subpart[1])] or \'ERROR\')' on target 'functions/misc_functions.lua' resulted in no matches
INFO - [♥] Applied 47 patches to 'functions/misc_functions.lua'
INFO - [♥] Applied 74 patches to 'game.lua'
INFO - [♥] Applied 1 patch to 'globals.lua'
INFO - [♥] Applied 6 patches to 'engine/ui.lua'
WARN - [♥] Pattern '{card_limit = _size, type = \'consumeable\', highlight_limit = 1}' on target 'functions/UI_definitions.lua' resulted in no matches
WARN - [♥] Pattern '{n=G.UIT.T, config={text = G.GAME.hands[handname].chips, scale = 0.45, colour = G.C.UI.TEXT_LIGHT}},' on target 'functions/UI_definitions.lua' resulted in no matches
WARN - [♥] Pattern '{n=G.UIT.T, config={text = G.GAME.hands[handname].mult, scale = 0.45, colour = G.C.UI.TEXT_LIGHT}}' on target 'functions/UI_definitions.lua' resulted in no matches
INFO - [♥] Applied 86 patches to 'functions/UI_definitions.lua'
WARN - [♥] Pattern 'end\n    end\n\n    }) end\n' on target 'functions/state_events.lua' resulted in no matches
WARN - [♥] Pattern 'ease_to = G.GAME.chips + math.floor(hand_chips * mult) * (e and e.antiscore and -1 or 1),' on target 'functions/state_events.lua' resulted in no matches
WARN - [♥] Pattern 'if cards_destroyed[i].ability.name == \'Glass Card\' then' on target 'functions/state_events.lua' resulted in no matches
WARN - [♥] Pattern 'local hand_space = e or math.min(#G.deck.cards, G.hand.config.card_limit - #G.hand.cards)' on target 'functions/state_events.lua' resulted in no matches
WARN - [♥] Pattern 'if scoring_hand[i].ability.name == \'Glass Card\' and not scoring_hand[i].debuff and pseudorandom(\'glass\') < G.GAME.probabilities.normal/scoring_hand[i].ability.extra then' on target 'functions/state_events.lua' resulted in no matches
INFO - [♥] Applied 108 patches to 'functions/state_events.lua'
WARN - [♥] Regex '(?<indent>[\\t ]*)if G\\.F_NO_ACHIEVEMENTS then return end\\n[\\s\\S][\\s\\S]{16}--\\|LOCAL SETTINGS FILE' on target 'functions/common_events.lua' resulted in no matches
WARN - [♥] Pattern 'function generate_card_ui(_c, full_UI_table, specific_vars, card_type, badges, hide_desc, main_start, main_end)' on target 'functions/common_events.lua' resulted in no matches
WARN - [♥] Pattern '{n=G.UIT.T, config={text = localize(\'$\')..config.dollars, scale = 1.2*scale, colour = G.C.WHITE, shadow = true, juice = true}}' on target 'functions/common_events.lua' resulted in no matches
WARN - [♥] Pattern 'elseif _c.name == \'Cryptid\' then loc_vars = {_c.config.extra}' on target 'functions/common_events.lua' resulted in no matches
WARN - [♥] Pattern 'elseif _c.name == \"Clearance Sale\" or _c.name == \"Liquidation\" then loc_vars = {_c.config.extra}' on target 'functions/common_events.lua' resulted in no matches
WARN - [♥] Pattern 'elseif v.boss.showdown and (G.GAME.round_resets.ante)%G.GAME.win_ante == 0 and G.GAME.round_resets.ante >= 2 then' on target 'functions/common_events.lua' resulted in no matches
WARN - [♥] Pattern 'if v == \'negative_consumable\' then info_queue[#info_queue+1] = {key = \'e_negative_consumable\', set = \'Edition\', config = {extra = 1}} end' on target 'functions/common_events.lua' resulted in no matches
WARN - [♥] Pattern 'func = (function() if eval_func(card) then if not first or first then card:juice_up(0.1, 0.1) end;juice_card_until(card, eval_func, nil, 0.8) end return true end)' on target 'functions/common_events.lua' resulted in no matches
INFO - [♥] Applied 122 patches to 'functions/common_events.lua'
WARN - [♥] Pattern 'G.pack_cards:emplace(v)' on target 'functions/button_callbacks.lua' resulted in no matches
INFO - [♥] Applied 51 patches to 'functions/button_callbacks.lua'
WARN - [♥] Pattern 'if k ~= \'focused_ui\' and k ~= \"front\" and k ~= \"back\" and k ~= \"soul_parts\" and k ~= \"center\" and k ~= \'floating_sprite\' and k~= \"shadow\" and k~= \"use_button\" and k ~= \'buy_button\' and k ~= \'buy_and_use_button\' and k~= \"debuff\" and k ~= \'price\' and k~= \'particles\' and k ~= \'h_popup\' then v:draw() end' on target 'card.lua' resulted in no matches
WARN - [♥] Pattern 'if center_table.name == \'Overstock\' or center_table.name == \'Overstock Plus\' then' on target 'card.lua' resulted in no matches
WARN - [♥] Pattern 'if self.ability.name == \'Campfire\' and G.GAME.blind.boss and not (G.GAME.blind.config and G.GAME.blind.config.bonus) and self.ability.x_mult > 1 then' on target 'card.lua' resulted in no matches
WARN - [♥] Pattern 'if self.ability.name:find(\'Arcana\') then' on target 'card.lua' resulted in no matches
WARN - [♥] Pattern 'if center_table.name == \'Overstock\' or center_table.name == \'Overstock Plus\' then' on target 'card.lua' resulted in no matches
WARN - [♥] Pattern 'if self.ability.name == \'The Hermit\' or self.ability.consumeable.hand_type or self.ability.name == \'Temperance\' or self.ability.name == \'Black Hole\' then' on target 'card.lua' resulted in no matches
WARN - [♥] Pattern 'if self.ability.queue_negative_removal then' on target 'card.lua' resulted in no matches
WARN - [♥] Pattern 'if G.GAME.blind then G.E_MANAGER:add_event(Event({ func = function() G.GAME.blind:set_blind(nil, true, nil); return true end })) end' on target 'card.lua' resulted in no matches
INFO - [♥] Applied 209 patches to 'card.lua'
WARN - [♥] Pattern 'table.sort(self.cards, function (a, b) return a.T.x + a.T.w/2 - 100*(a.pinned and a.sort_id or 0) < b.T.x + b.T.w/2 - 100*(b.pinned and b.sort_id or 0) end)' on target 'cardarea.lua' resulted in no matches
INFO - [♥] Applied 14 patches to 'cardarea.lua'
INFO - [♥] Applied 32 patches to 'blind.lua'
INFO - [♥] Applied 5 patches to 'engine/text.lua'
INFO - [G] Failed to connect to the debug server
INFO - [G] 2025-01-23 18:34:58 :: DEBUG :: DebugConsole :: Steamodded Debug Socket started !
INFO - [♥] Applied 9 patches to 'engine/sound_manager.lua'
INFO - [♥] Applied 2 patches to 'engine/string_packer.lua'
INFO - [G] 2025-01-23 18:34:59 :: TRACE :: Loader :: Processing Mod file (Legacy header): Cryptid.lua
INFO - [G] 2025-01-23 18:34:59 :: TRACE :: Loader :: Saving Mod Info: Cryptid
INFO - [G] 2025-01-23 18:34:59 :: TRACE :: Loader :: Processing Mod file (Legacy header): steamodded_metadata.lua
INFO - [G] 2025-01-23 18:34:59 :: TRACE :: Loader :: Saving Mod Info: Talisman
INFO - [G] Loading file Achievements.lua
INFO - [G] Loading file Antimatter.lua
INFO - [G] Loading file Blinds.lua
INFO - [G] Loading file Challenges.lua
INFO - [G] Loading file CodeCards.lua
INFO - [G] Loading file CryptidJokerDisplay.lua
INFO - [G] Warning: CryptidJokerDisplay.lua has no items
INFO - [G] Loading file Decks.lua
INFO - [G] Loading file Enhanced.lua
INFO - [G] Loading file EpicJokers.lua
INFO - [G] Loading file Exotic.lua
INFO - [G] Loading file M.lua
INFO - [G] Loading file Misc.lua
INFO - [G] Loading file MiscJokers.lua
INFO - [G] Loading file Planets.lua
INFO - [G] Loading file Sleeves.lua
INFO - [G] Loading file Spectrals.lua
INFO - [G] Loading file Spooky.lua
INFO - [G] Loading file Stakes.lua
INFO - [G] Loading file Tags.lua
INFO - [G] Loading file Vouchers.lua
INFO - [G] Loading file dummy_https.lua
INFO - [G] Loading file dummy_timerblinds.lua
INFO - [G] Warning: dummy_timerblinds.lua has no items
INFO - [G] 2025-01-23 18:34:59 :: WARN  :: Atlas :: Detected duplicate register call on object cry_modicon
INFO - [G] 2025-01-23 18:34:59 :: WARN  :: Atlas :: Detected duplicate register call on object cry_placeholders
INFO - [G] 2025-01-23 18:34:59 :: WARN  :: Atlas :: Detected duplicate register call on object cry_atlasepic
INFO - [G] 2025-01-23 18:34:59 :: WARN  :: Atlas :: Detected duplicate register call on object cry_atlasone
INFO - [G] 2025-01-23 18:34:59 :: WARN  :: Atlas :: Detected duplicate register call on object cry_atlastwo
INFO - [G] 2025-01-23 18:34:59 :: WARN  :: Atlas :: Detected duplicate register call on object cry_atlasthree
INFO - [G] 2025-01-23 18:34:59 :: WARN  :: Atlas :: Detected duplicate register call on object cry_atlasspooky
INFO - [G] 2025-01-23 18:34:59 :: WARN  :: Atlas :: Detected duplicate register call on object cry_atlasexotic
INFO - [G] 2025-01-23 18:34:59 :: WARN  :: Atlas :: Detected duplicate register call on object cry_atlasnotjokers
INFO - [G] 2025-01-23 18:34:59 :: WARN  :: Atlas :: Detected duplicate register call on object cry_tag_cry
INFO - [G] 2025-01-23 18:34:59 :: WARN  :: Atlas :: Detected duplicate register call on object cry_misc
INFO - [G] 2025-01-23 18:34:59 :: WARN  :: Sticker :: Detected duplicate register call on object perishable
INFO - [G] 2025-01-23 18:34:59 :: WARN  :: Sticker :: Detected duplicate register call on object pinned
INFO - [G] 2025-01-23 18:34:59 :: WARN  :: Sticker :: Detected duplicate register call on object eternal
INFO - [G] 2025-01-23 18:34:59 :: WARN  :: Sticker :: Detected duplicate register call on object rental
INFO - [G] 2025-01-23 18:34:59 :: INFO  :: TIMER :: [0000] Injected Language in 0.002 ms
INFO - [G] 2025-01-23 18:34:59 :: INFO  :: TIMER :: [0000] Injected [INTERNAL] in 1.414 ms
INFO - [G] 2025-01-23 18:35:00 :: INFO  :: TIMER :: [0030] Injected Atlas in 967.758 ms
INFO - [G] 2025-01-23 18:35:00 :: INFO  :: TIMER :: [0025] Injected Sound in 11.925 ms
INFO - [G] 2025-01-23 18:35:00 :: INFO  :: TIMER :: [0032] Injected Stake in 0.553 ms
INFO - [G] 2025-01-23 18:35:00 :: INFO  :: TIMER :: [0008] Injected Rarity in 0.022 ms
INFO - [G] 2025-01-23 18:35:00 :: INFO  :: TIMER :: [0007] Injected ObjectType in 0.115 ms
INFO - [G] 2025-01-23 18:35:00 :: INFO  :: TIMER :: [0391] Injected Center in 1.783 ms
INFO - [G] 2025-01-23 18:35:00 :: INFO  :: TIMER :: [0011] Injected Undiscovered Sprite in 0.045 ms
INFO - [G] 2025-01-23 18:35:00 :: INFO  :: TIMER :: [0027] Injected Blind in 1.032 ms
INFO - [G] 2025-01-23 18:35:00 :: INFO  :: TIMER :: [0002] Injected Seal in 0.291 ms
INFO - [G] 2025-01-23 18:35:00 :: INFO  :: TIMER :: [0004] Injected Suit in 0.084 ms
INFO - [G] 2025-01-23 18:35:00 :: INFO  :: TIMER :: [0013] Injected Rank in 0.057 ms
INFO - [G] 2025-01-23 18:35:00 :: INFO  :: TIMER :: [0016] Injected DeckSkin in 0.039 ms
INFO - [G] 2025-01-23 18:35:00 :: INFO  :: TIMER :: [0016] Injected PokerHand in 0.137 ms
INFO - [G] 2025-01-23 18:35:00 :: INFO  :: TIMER :: [0031] Injected Challenge in 0.039 ms
INFO - [G] 2025-01-23 18:35:00 :: INFO  :: TIMER :: [0028] Injected Tag in 0.491 ms
INFO - [G] 2025-01-23 18:35:00 :: INFO  :: TIMER :: [0009] Injected Sticker in 0.128 ms
INFO - [G] 2025-01-23 18:35:00 :: INFO  :: TIMER :: [0009] Injected Shader in 82.789 ms
INFO - [G] 2025-01-23 18:35:00 :: INFO  :: TIMER :: [0001] Injected Keybind in 0.013 ms
INFO - [G] 2025-01-23 18:35:00 :: INFO  :: TIMER :: [0020] Injected Achievement in 0.187 ms
INFO - [G] 2025-01-23 18:35:00 :: INFO  :: TIMER :: [0000] Injected [INTERNAL] in 3.983 ms
INFO - [G] 2025-01-23 18:35:00 :: INFO  :: TIMER :: [0011] Injected Event in 0.130 ms
INFO - [G] line not found
INFO - [G] file not found: main.lua: No such file or directory
INFO - [G] file not found: main.lua: No such file or directory
INFO - [G] line not found
INFO - [G] file not found: functions/misc_functions.lua: No such file or directory
INFO - [G] line not found
INFO - [G] file not found: functions/button_callbacks.lua: No such file or directory
INFO - [G] file not found: main.lua: No such file or directory
INFO - [G] file not found: main.lua: No such file or directory
INFO - [G] 2025-01-23 18:36:02 :: ERROR :: StackTrace :: Oops! The game crashed
[SMODS Cryptid "Items/Spectrals.lua"]:403: attempt to index field 'voucher_edition_index' (a nil value)
Stack Traceback
===============
(1) Lua local 'handler' at file 'main.lua:612'
	Local variables:
	 msg = string: "[SMODS Cryptid \"Items/Spectrals.lua\"]:403: attempt to index field 'voucher_edition_index' (a nil value)"
	 (*temporary) = Lua function '?' (defined at line 31 of chunk [SMODS _ "src/logging.lua"])
	 (*temporary) = string: "Oops! The game crashed\
"
(2) LÖVE metamethod at file 'boot.lua:352'
	Local variables:
	 errhand = Lua function '?' (defined at line 598 of chunk main.lua)
	 handler = Lua function '?' (defined at line 598 of chunk main.lua)
(3) Lua method 'use' at file 'Items/Spectrals.lua:403' (from mod with id Cryptid)
	Local variables:
	 self = table: 0x1fc7b600  {can_use:function: 0x1fc71750, object_type:Consumable, _saved_d_u:true, original_key:trade (more...)}
	 card = table: 0x20f1f590  {created_on_pause:false, click_offset:table: 0x20f1f8e8, under_overlay:false (more...)}
	 area = table: 0x2156efa8  {click_offset:table: 0x2156f288, static_rotation:false, shuffle_amt:0, parent:table: 0x20f8bf50 (more...)}
	 copier = nil
	 used_consumable = table: 0x20f1f590  {created_on_pause:false, click_offset:table: 0x20f1f8e8, under_overlay:false (more...)}
	 usable_vouchers = table: 0x214b0f30  {1:v_telescope}
	 unredeemed_voucher = string: "v_telescope"
	 area = table: 0x20b883c8  {click_offset:table: 0x20b8cf30, children:table: 0x20b96398, shuffle_amt:0 (more...)}
	 card = table: 0x214b0af0  {click_offset:table: 0x2139fde0, children:table: 0x20ee7448, ambient_tilt:0.2 (more...)}
	 (*temporary) = nil
	 (*temporary) = string: "Telescope"
	 (*temporary) = nil
	 (*temporary) = nil
	 (*temporary) = nil
	 (*temporary) = nil
	 (*temporary) = string: "v_telescope"
	 (*temporary) = nil
	 (*temporary) = table: 0x20b883c8  {click_offset:table: 0x20b8cf30, children:table: 0x20b96398, shuffle_amt:0 (more...)}
	 (*temporary) = Lua function '?' (defined at line 1924 of chunk [SMODS Cryptid "Cryptid.lua"])
	 (*temporary) = Lua function '?' (defined at line 328 of chunk functions/misc_functions.lua)
	 (*temporary) = table: 0x1f74ab50  {order:11, _d:false, set:Voucher, key:v_telescope, _saved_d_u:true, available:true (more...)}
	 (*temporary) = Lua function '?' (defined at line 1938 of chunk [SMODS Cryptid "Cryptid.lua"])
	 (*temporary) = nil
	 (*temporary) = table: 0x214b0af0  {click_offset:table: 0x2139fde0, children:table: 0x20ee7448, ambient_tilt:0.2 (more...)}
	 (*temporary) = string: ""
	 (*temporary) = table: 0x214b0af0  {click_offset:table: 0x2139fde0, children:table: 0x20ee7448, ambient_tilt:0.2 (more...)}
	 (*temporary) = string: "attempt to index field 'voucher_edition_index' (a nil value)"
(4) Lua upvalue 'uc' at file 'card.lua:1372'
	Local variables:
	 self = table: 0x20f1f590  {created_on_pause:false, click_offset:table: 0x20f1f8e8, under_overlay:false (more...)}
	 area = table: 0x2156efa8  {click_offset:table: 0x2156f288, static_rotation:false, shuffle_amt:0, parent:table: 0x20f8bf50 (more...)}
	 copier = nil
	 used_tarot = table: 0x20f1f590  {created_on_pause:false, click_offset:table: 0x20f1f8e8, under_overlay:false (more...)}
	 gone = boolean: false
	 obj = table: 0x1fc7b600  {can_use:function: 0x1fc71750, object_type:Consumable, _saved_d_u:true, original_key:trade (more...)}
(5) Lua method 'use_consumeable' at file 'Cryptid.lua:633' (from mod with id Cryptid)
	Local variables:
	 self = table: 0x20f1f590  {created_on_pause:false, click_offset:table: 0x20f1f8e8, under_overlay:false (more...)}
	 area = table: 0x2156efa8  {click_offset:table: 0x2156f288, static_rotation:false, shuffle_amt:0, parent:table: 0x20f8bf50 (more...)}
	 copier = nil
	 ggpn = number: 1
(6) Lua function '?' at file 'functions/button_callbacks.lua:2236' (best guess)
	Local variables:
	 e = table: 0x1f7ebce0  {pixellated_rect:table: 0x1f914e18, click_offset:table: 0x1f907c98, children:table: 0x1f608f80 (more...)}
	 mute = nil
	 nosave = nil
	 card = table: 0x20f1f590  {created_on_pause:false, click_offset:table: 0x20f1f8e8, under_overlay:false (more...)}
	 area = table: 0x2156efa8  {click_offset:table: 0x2156f288, static_rotation:false, shuffle_amt:0, parent:table: 0x20f8bf50 (more...)}
	 prev_state = number: 15
	 dont_dissolve = nil
	 delay_fac = number: 1
	 nc = nil
(7) Lua method 'click' at file 'engine/ui.lua:988'
	Local variables:
	 self = table: 0x1f7ebce0  {pixellated_rect:table: 0x1f914e18, click_offset:table: 0x1f907c98, children:table: 0x1f608f80 (more...)}
(8) Lua method 'update' at file 'engine/controller.lua:375'
	Local variables:
	 self = table: 0x1f702588  {held_button_times:table: 0x1f702e58, focus_cursor_stack_level:1, snap_cursor_to:table: 0x20f455a8 (more...)}
	 dt = number: 0.00700591
(9) Lua upvalue 'gameUpdateRef' at file 'game.lua:2863'
	Local variables:
	 self = table: 0x1f293a90  {F_GUIDE:false, F_CRASH_REPORTS:false, booster_pack_sparkles:table: 0x1fb0a698 (more...)}
	 dt = number: 0.00700591
(10) Lua upvalue 'upd' at Steamodded file 'src/ui.lua:81' 
	Local variables:
	 self = table: 0x1f293a90  {F_GUIDE:false, F_CRASH_REPORTS:false, booster_pack_sparkles:table: 0x1fb0a698 (more...)}
	 dt = number: 0.00700591
(11) Lua upvalue 'upd' at file 'main.lua:1755'
	Local variables:
	 self = table: 0x1f293a90  {F_GUIDE:false, F_CRASH_REPORTS:false, booster_pack_sparkles:table: 0x1fb0a698 (more...)}
	 dt = number: 0.00700591
(12) Lua upvalue 'upd' at file 'Items/Blinds.lua:1310' (from mod with id Cryptid)
	Local variables:
	 self = table: 0x1f293a90  {F_GUIDE:false, F_CRASH_REPORTS:false, booster_pack_sparkles:table: 0x1fb0a698 (more...)}
	 dt = number: 0.00700591
(13) Lua upvalue 'upd' at file 'Items/CodeCards.lua:4106' (from mod with id Cryptid)
	Local variables:
	 self = table: 0x1f293a90  {F_GUIDE:false, F_CRASH_REPORTS:false, booster_pack_sparkles:table: 0x1fb0a698 (more...)}
	 dt = number: 0.00700591
(14) Lua upvalue 'upd' at file 'Items/Decks.lua:429' (from mod with id Cryptid)
	Local variables:
	 self = table: 0x1f293a90  {F_GUIDE:false, F_CRASH_REPORTS:false, booster_pack_sparkles:table: 0x1fb0a698 (more...)}
	 dt = number: 0.00700591
(15) Lua upvalue 'upd' at file 'Items/MiscJokers.lua:6658' (from mod with id Cryptid)
	Local variables:
	 self = table: 0x1f293a90  {F_GUIDE:false, F_CRASH_REPORTS:false, booster_pack_sparkles:table: 0x1fb0a698 (more...)}
	 dt = number: 0.00700591
(16) Lua method 'update' at file 'Cryptid.lua:2948' (from mod with id Cryptid)
	Local variables:
	 self = table: 0x1f293a90  {F_GUIDE:false, F_CRASH_REPORTS:false, booster_pack_sparkles:table: 0x1fb0a698 (more...)}
	 dt = number: 0.00700591
(17) Lua upvalue 'oldupd' at file 'main.lua:998'
	Local variables:
	 dt = number: 0.00700591
(18) Lua field 'update' at file 'main.lua:1782'
	Local variables:
	 dt = number: 0.00700591
(19) Lua function '?' at file 'main.lua:931' (best guess)
(20) global C function 'xpcall'
(21) LÖVE function at file 'boot.lua:377' (best guess)
	Local variables:
	 func = Lua function '?' (defined at line 902 of chunk main.lua)
	 inerror = boolean: true
	 deferErrhand = Lua function '(LÖVE Function)' (defined at line 348 of chunk [love "boot.lua"])
	 earlyinit = Lua function '(LÖVE Function)' (defined at line 355 of chunk [love "boot.lua"])

INFO - [G] line not found
INFO - [G] file not found: functions/misc_functions.lua: No such file or directory
INFO - [G] line not found
INFO - [G] file not found: functions/button_callbacks.lua: No such file or directory
INFO - [G] file not found: main.lua: No such file or directory
INFO - [G] file not found: main.lua: No such file or directory
INFO - [G] 2025-01-23 18:36:02 :: INFO  :: StackTrace :: Additional Context:
Balatro Version: 1.0.1n-FULL
Modded Version: 1.0.0~ALPHA-1304a-STEAMODDED
LÖVE Version: 11.5.0
Lovely Version: 0.6.0
Steamodded Mods:
    1: Talisman by MathIsFun_, Mathguy24, jenwalter666, cg-223 [ID: Talisman, Version: 2.0.2, Uses Lovely]
        Break Infinity: omeganum
    2: Cryptid by MathIsFun_, Cryptid and Balatro Discords [ID: Cryptid, Priority: 1e+299, Version: 0.5.3a, Uses Lovely]
Lovely Mods:
