INFO - [♥] Lovely 0.6.0
INFO - [♥] Game directory is at "X:\\SteamLibrary\\steamapps\\common\\Balatro"
INFO - [♥] Writing logs to "C:\\Users\\Grayson\\AppData\\Roaming\\Balatro\\Mods\\lovely\\log"
INFO - [♥] Using mod directory at "C:\\Users\\Grayson\\AppData\\Roaming\\Balatro\\Mods"
WARN - [♥] Unknown key `patches.47.?.match_indent` found in patch file at "C:\\Users\\Grayson\\AppData\\Roaming\\Balatro\\Mods\\smods-old-calc\\lovely\\fixes.toml", ignoring it
INFO - [♥] Cleaning up dumps directory at "C:\\Users\\Grayson\\AppData\\Roaming\\Balatro\\Mods\\lovely\\dump"
INFO - [♥] Initialization complete in 27ms
WARN - [♥] Pattern 'G.ARGS.score_intensity.organ = G.video_organ or G.ARGS.score_intensity.required_score > 0 and math.max(math.min(0.4, 0.1*math.log(G.ARGS.score_intensity.earned_score/(G.ARGS.score_intensity.required_score+1), 5)),0.) or 0' on target 'main.lua' resulted in no matches
WARN - [♥] Pattern 'if type(G.GAME.current_round.current_hand.chips) ~= \'number\' or type(G.GAME.current_round.current_hand.mult) ~= \'number\' then' on target 'main.lua' resulted in no matches
INFO - [♥] Applied 15 patches to 'main.lua'
INFO - [♥] Applied 2 patches to 'engine/string_packer.lua'
INFO - [♥] Applied 6 patches to 'engine/controller.lua'
INFO - [♥] Applied 13 patches to 'back.lua'
INFO - [♥] Applied 14 patches to 'tag.lua'
INFO - [♥] Applied 2 patches to 'engine/moveable.lua'
INFO - [♥] Applied 2 patches to 'engine/sprite.lua'
INFO - [♥] Applied 2 patches to 'engine/animatedsprite.lua'
WARN - [♥] Pattern 'assembled_string = assembled_string..(type(subpart) == \'string\' and subpart or args.vars[tonumber(subpart[1])] or \'ERROR\')' on target 'functions/misc_functions.lua' resulted in no matches
INFO - [♥] Applied 47 patches to 'functions/misc_functions.lua'
INFO - [♥] Applied 74 patches to 'game.lua'
INFO - [♥] Applied 1 patch to 'globals.lua'
INFO - [♥] Applied 6 patches to 'engine/ui.lua'
WARN - [♥] Pattern '{card_limit = _size, type = \'consumeable\', highlight_limit = 1}' on target 'functions/UI_definitions.lua' resulted in no matches
WARN - [♥] Pattern '{n=G.UIT.T, config={text = G.GAME.hands[handname].chips, scale = 0.45, colour = G.C.UI.TEXT_LIGHT}},' on target 'functions/UI_definitions.lua' resulted in no matches
WARN - [♥] Pattern '{n=G.UIT.T, config={text = G.GAME.hands[handname].mult, scale = 0.45, colour = G.C.UI.TEXT_LIGHT}}' on target 'functions/UI_definitions.lua' resulted in no matches
INFO - [♥] Applied 86 patches to 'functions/UI_definitions.lua'
WARN - [♥] Pattern 'end\n    end\n\n    }) end\n' on target 'functions/state_events.lua' resulted in no matches
WARN - [♥] Pattern 'ease_to = G.GAME.chips + math.floor(hand_chips * mult) * (e and e.antiscore and -1 or 1),' on target 'functions/state_events.lua' resulted in no matches
WARN - [♥] Pattern 'if cards_destroyed[i].ability.name == \'Glass Card\' then' on target 'functions/state_events.lua' resulted in no matches
WARN - [♥] Pattern 'local hand_space = e or math.min(#G.deck.cards, G.hand.config.card_limit - #G.hand.cards)' on target 'functions/state_events.lua' resulted in no matches
WARN - [♥] Pattern 'if scoring_hand[i].ability.name == \'Glass Card\' and not scoring_hand[i].debuff and pseudorandom(\'glass\') < G.GAME.probabilities.normal/scoring_hand[i].ability.extra then' on target 'functions/state_events.lua' resulted in no matches
INFO - [♥] Applied 108 patches to 'functions/state_events.lua'
WARN - [♥] Regex '(?<indent>[\\t ]*)if G\\.F_NO_ACHIEVEMENTS then return end\\n[\\s\\S][\\s\\S]{16}--\\|LOCAL SETTINGS FILE' on target 'functions/common_events.lua' resulted in no matches
WARN - [♥] Pattern 'function generate_card_ui(_c, full_UI_table, specific_vars, card_type, badges, hide_desc, main_start, main_end)' on target 'functions/common_events.lua' resulted in no matches
WARN - [♥] Pattern '{n=G.UIT.T, config={text = localize(\'$\')..config.dollars, scale = 1.2*scale, colour = G.C.WHITE, shadow = true, juice = true}}' on target 'functions/common_events.lua' resulted in no matches
WARN - [♥] Pattern 'elseif _c.name == \'Cryptid\' then loc_vars = {_c.config.extra}' on target 'functions/common_events.lua' resulted in no matches
WARN - [♥] Pattern 'elseif _c.name == \"Clearance Sale\" or _c.name == \"Liquidation\" then loc_vars = {_c.config.extra}' on target 'functions/common_events.lua' resulted in no matches
WARN - [♥] Pattern 'elseif v.boss.showdown and (G.GAME.round_resets.ante)%G.GAME.win_ante == 0 and G.GAME.round_resets.ante >= 2 then' on target 'functions/common_events.lua' resulted in no matches
WARN - [♥] Pattern 'if v == \'negative_consumable\' then info_queue[#info_queue+1] = {key = \'e_negative_consumable\', set = \'Edition\', config = {extra = 1}} end' on target 'functions/common_events.lua' resulted in no matches
WARN - [♥] Pattern 'func = (function() if eval_func(card) then if not first or first then card:juice_up(0.1, 0.1) end;juice_card_until(card, eval_func, nil, 0.8) end return true end)' on target 'functions/common_events.lua' resulted in no matches
INFO - [♥] Applied 122 patches to 'functions/common_events.lua'
WARN - [♥] Pattern 'G.pack_cards:emplace(v)' on target 'functions/button_callbacks.lua' resulted in no matches
INFO - [♥] Applied 51 patches to 'functions/button_callbacks.lua'
WARN - [♥] Pattern 'if k ~= \'focused_ui\' and k ~= \"front\" and k ~= \"back\" and k ~= \"soul_parts\" and k ~= \"center\" and k ~= \'floating_sprite\' and k~= \"shadow\" and k~= \"use_button\" and k ~= \'buy_button\' and k ~= \'buy_and_use_button\' and k~= \"debuff\" and k ~= \'price\' and k~= \'particles\' and k ~= \'h_popup\' then v:draw() end' on target 'card.lua' resulted in no matches
WARN - [♥] Pattern 'if center_table.name == \'Overstock\' or center_table.name == \'Overstock Plus\' then' on target 'card.lua' resulted in no matches
WARN - [♥] Pattern 'if self.ability.name == \'Campfire\' and G.GAME.blind.boss and not (G.GAME.blind.config and G.GAME.blind.config.bonus) and self.ability.x_mult > 1 then' on target 'card.lua' resulted in no matches
WARN - [♥] Pattern 'if self.ability.name:find(\'Arcana\') then' on target 'card.lua' resulted in no matches
WARN - [♥] Pattern 'if center_table.name == \'Overstock\' or center_table.name == \'Overstock Plus\' then' on target 'card.lua' resulted in no matches
WARN - [♥] Pattern 'if self.ability.name == \'The Hermit\' or self.ability.consumeable.hand_type or self.ability.name == \'Temperance\' or self.ability.name == \'Black Hole\' then' on target 'card.lua' resulted in no matches
WARN - [♥] Pattern 'if self.ability.queue_negative_removal then' on target 'card.lua' resulted in no matches
WARN - [♥] Pattern 'if G.GAME.blind then G.E_MANAGER:add_event(Event({ func = function() G.GAME.blind:set_blind(nil, true, nil); return true end })) end' on target 'card.lua' resulted in no matches
INFO - [♥] Applied 209 patches to 'card.lua'
WARN - [♥] Pattern 'table.sort(self.cards, function (a, b) return a.T.x + a.T.w/2 - 100*(a.pinned and a.sort_id or 0) < b.T.x + b.T.w/2 - 100*(b.pinned and b.sort_id or 0) end)' on target 'cardarea.lua' resulted in no matches
INFO - [♥] Applied 14 patches to 'cardarea.lua'
INFO - [♥] Applied 32 patches to 'blind.lua'
INFO - [♥] Applied 5 patches to 'engine/text.lua'
INFO - [G] Failed to connect to the debug server
INFO - [G] 2025-01-24 00:10:34 :: DEBUG :: DebugConsole :: Steamodded Debug Socket started !
INFO - [♥] Applied 9 patches to 'engine/sound_manager.lua'
INFO - [♥] Applied 2 patches to 'engine/string_packer.lua'
INFO - [G] 2025-01-24 00:10:35 :: TRACE :: Loader :: Processing Mod file (Legacy header): Cryptid.lua
INFO - [G] 2025-01-24 00:10:35 :: TRACE :: Loader :: Saving Mod Info: Cryptid
INFO - [G] 2025-01-24 00:10:35 :: TRACE :: Loader :: Processing Mod file (Legacy header): steamodded_metadata.lua
INFO - [G] 2025-01-24 00:10:35 :: TRACE :: Loader :: Saving Mod Info: Talisman
INFO - [G] Loading file Achievements.lua
INFO - [G] Loading file Antimatter.lua
INFO - [G] Loading file Blinds.lua
INFO - [G] Loading file Challenges.lua
INFO - [G] Loading file CodeCards.lua
INFO - [G] Loading file CryptidJokerDisplay.lua
INFO - [G] Warning: CryptidJokerDisplay.lua has no items
INFO - [G] Loading file Decks.lua
INFO - [G] Loading file Enhanced.lua
INFO - [G] Loading file EpicJokers.lua
INFO - [G] Loading file Exotic.lua
INFO - [G] Loading file M.lua
INFO - [G] Loading file Misc.lua
INFO - [G] Loading file MiscJokers.lua
INFO - [G] Loading file Planets.lua
INFO - [G] Loading file Sleeves.lua
INFO - [G] Loading file Spectrals.lua
INFO - [G] Loading file Spooky.lua
INFO - [G] Loading file Stakes.lua
INFO - [G] Loading file Tags.lua
INFO - [G] Loading file Vouchers.lua
INFO - [G] Loading file dummy_https.lua
INFO - [G] Loading file dummy_timerblinds.lua
INFO - [G] Warning: dummy_timerblinds.lua has no items
INFO - [G] 2025-01-24 00:10:35 :: WARN  :: Atlas :: Detected duplicate register call on object cry_modicon
INFO - [G] 2025-01-24 00:10:35 :: WARN  :: Atlas :: Detected duplicate register call on object cry_placeholders
INFO - [G] 2025-01-24 00:10:35 :: WARN  :: Atlas :: Detected duplicate register call on object cry_atlasepic
INFO - [G] 2025-01-24 00:10:35 :: WARN  :: Atlas :: Detected duplicate register call on object cry_atlasone
INFO - [G] 2025-01-24 00:10:35 :: WARN  :: Atlas :: Detected duplicate register call on object cry_atlastwo
INFO - [G] 2025-01-24 00:10:35 :: WARN  :: Atlas :: Detected duplicate register call on object cry_atlasthree
INFO - [G] 2025-01-24 00:10:35 :: WARN  :: Atlas :: Detected duplicate register call on object cry_atlasspooky
INFO - [G] 2025-01-24 00:10:35 :: WARN  :: Atlas :: Detected duplicate register call on object cry_atlasexotic
INFO - [G] 2025-01-24 00:10:35 :: WARN  :: Atlas :: Detected duplicate register call on object cry_atlasnotjokers
INFO - [G] 2025-01-24 00:10:35 :: WARN  :: Atlas :: Detected duplicate register call on object cry_tag_cry
INFO - [G] 2025-01-24 00:10:35 :: WARN  :: Atlas :: Detected duplicate register call on object cry_misc
INFO - [G] 2025-01-24 00:10:35 :: WARN  :: Sticker :: Detected duplicate register call on object perishable
INFO - [G] 2025-01-24 00:10:35 :: WARN  :: Sticker :: Detected duplicate register call on object pinned
INFO - [G] 2025-01-24 00:10:35 :: WARN  :: Sticker :: Detected duplicate register call on object eternal
INFO - [G] 2025-01-24 00:10:35 :: WARN  :: Sticker :: Detected duplicate register call on object rental
INFO - [G] 2025-01-24 00:10:35 :: INFO  :: TIMER :: [0000] Injected Language in 0.001 ms
INFO - [G] 2025-01-24 00:10:35 :: INFO  :: TIMER :: [0000] Injected [INTERNAL] in 0.943 ms
INFO - [G] 2025-01-24 00:10:36 :: INFO  :: TIMER :: [0030] Injected Atlas in 979.200 ms
INFO - [G] 2025-01-24 00:10:36 :: INFO  :: TIMER :: [0025] Injected Sound in 13.095 ms
INFO - [G] 2025-01-24 00:10:36 :: INFO  :: TIMER :: [0032] Injected Stake in 1.074 ms
INFO - [G] 2025-01-24 00:10:36 :: INFO  :: TIMER :: [0008] Injected Rarity in 0.025 ms
INFO - [G] 2025-01-24 00:10:36 :: INFO  :: TIMER :: [0007] Injected ObjectType in 0.053 ms
INFO - [G] 2025-01-24 00:10:36 :: INFO  :: TIMER :: [0391] Injected Center in 1.979 ms
INFO - [G] 2025-01-24 00:10:36 :: INFO  :: TIMER :: [0011] Injected Undiscovered Sprite in 0.013 ms
INFO - [G] 2025-01-24 00:10:36 :: INFO  :: TIMER :: [0027] Injected Blind in 0.203 ms
INFO - [G] 2025-01-24 00:10:36 :: INFO  :: TIMER :: [0002] Injected Seal in 0.044 ms
INFO - [G] 2025-01-24 00:10:36 :: INFO  :: TIMER :: [0004] Injected Suit in 0.096 ms
INFO - [G] 2025-01-24 00:10:36 :: INFO  :: TIMER :: [0013] Injected Rank in 0.167 ms
INFO - [G] 2025-01-24 00:10:36 :: INFO  :: TIMER :: [0016] Injected DeckSkin in 0.080 ms
INFO - [G] 2025-01-24 00:10:36 :: INFO  :: TIMER :: [0016] Injected PokerHand in 0.172 ms
INFO - [G] 2025-01-24 00:10:36 :: INFO  :: TIMER :: [0031] Injected Challenge in 0.047 ms
INFO - [G] 2025-01-24 00:10:36 :: INFO  :: TIMER :: [0028] Injected Tag in 0.072 ms
INFO - [G] 2025-01-24 00:10:36 :: INFO  :: TIMER :: [0009] Injected Sticker in 0.084 ms
INFO - [G] 2025-01-24 00:10:36 :: INFO  :: TIMER :: [0009] Injected Shader in 110.028 ms
INFO - [G] 2025-01-24 00:10:36 :: INFO  :: TIMER :: [0001] Injected Keybind in 0.009 ms
INFO - [G] 2025-01-24 00:10:36 :: INFO  :: TIMER :: [0020] Injected Achievement in 0.061 ms
INFO - [G] 2025-01-24 00:10:36 :: INFO  :: TIMER :: [0000] Injected [INTERNAL] in 3.804 ms
INFO - [G] 2025-01-24 00:10:36 :: INFO  :: TIMER :: [0011] Injected Event in 0.065 ms
INFO - [G] LONG DT @ 714: 0.057796718050642
INFO - [G] LONG DT @ 726: 0.051765176188871
INFO - [G] LONG DT @ 727: 0.071528296439473
INFO - [G] LONG DT @ 727: 0.060327577151581
INFO - [G] LONG DT @ 727: 0.050476261721268
INFO - [G] LONG DT @ 728: 0.052350174960471
INFO - [G] LONG DT @ 781: 0.096235315667523
INFO - [G] LONG DT @ 781: 0.080460952534016
INFO - [G] LONG DT @ 782: 0.068022762027218
INFO - [G] LONG DT @ 782: 0.057590029621786
INFO - [G] LONG DT @ 893: 0.064710856923949
INFO - [G] LONG DT @ 893: 0.054540425539162
INFO - [G] LONG DT @ 961: 0.050485638678349
INFO - [G] LONG DT @ 1069: 0.056977396210004
INFO - [G] LONG DT @ 1160: 0.062812609241356
INFO - [G] LONG DT @ 1160: 0.052531607393081
INFO - [G] LONG DT @ 1363: 0.053283278112627
INFO - [G] LONG DT @ 1442: 0.064310205279515
INFO - [G] LONG DT @ 1442: 0.054047804223629
INFO - [G] LONG DT @ 1527: 0.052792086537879
INFO - [G] LONG DT @ 1567: 0.064063320916523
INFO - [G] LONG DT @ 1567: 0.053658556733244
INFO - [G] LONG DT @ 1590: 0.054709050856552
INFO - [G] LONG DT @ 1618: 0.062415609938245
INFO - [G] LONG DT @ 1618: 0.05242406795061
INFO - [G] LONG DT @ 1621: 0.1
INFO - [G] LONG DT @ 1621: 0.084331480000019
INFO - [G] LONG DT @ 1621: 0.070294923999985
INFO - [G] LONG DT @ 1621: 0.059016399200019
INFO - [G] LONG DT @ 1621: 0.050025679359999
INFO - [G] LONG DT @ 1632: 0.080511513752426
INFO - [G] LONG DT @ 1632: 0.067719851001913
INFO - [G] LONG DT @ 1632: 0.056965760801531
INFO - [G] LONG DT @ 1654: 0.050872829211608
INFO - [G] LONG DT @ 1655: 0.066200860645355
INFO - [G] LONG DT @ 1655: 0.07287438851629
INFO - [G] LONG DT @ 1655: 0.060987110813022
INFO - [G] LONG DT @ 1655: 0.051572928650426
INFO - [G] LONG DT @ 1656: 0.050680789150996
INFO - [G] LONG DT @ 1657: 0.050459536145374
INFO - [G] LONG DT @ 1732: 0.052860221909961
INFO - [G] LONG DT @ 1732: 0.077793828987627
INFO - [G] LONG DT @ 1732: 0.065916343190103
INFO - [G] LONG DT @ 1733: 0.055758474552061
INFO - [G] LONG DT @ 1733: 0.088050121601014
INFO - [G] LONG DT @ 1733: 0.073458277280838
INFO - [G] LONG DT @ 1733: 0.061534981824652
INFO - [G] LONG DT @ 1734: 0.052271165459708
INFO - [G] LONG DT @ 1736: 0.059084377689249
INFO - [G] LONG DT @ 1736: 0.050214362151374
INFO - [G] LONG DT @ 3217: 0.071336820015147
INFO - [G] LONG DT @ 3217: 0.061888536012133
INFO - [G] LONG DT @ 3217: 0.05229224880968
INFO - [G] LONG DT @ 3230: 0.054673319090907
