INFO - [♥] Lovely 0.6.0
INFO - [♥] Game directory is at "X:\\SteamLibrary\\steamapps\\common\\Balatro"
INFO - [♥] Writing logs to "C:\\Users\\Grayson\\AppData\\Roaming\\Balatro\\Mods\\lovely\\log"
INFO - [♥] Using mod directory at "C:\\Users\\Grayson\\AppData\\Roaming\\Balatro\\Mods"
WARN - [♥] Unknown key `patches.17.?.match_indent` found in patch file at "C:\\Users\\Grayson\\AppData\\Roaming\\Balatro\\Mods\\Cryptid\\lovely\\Code.toml", ignoring it
WARN - [♥] Unknown key `patches.7.?.match_indent` found in patch file at "C:\\Users\\Grayson\\AppData\\Roaming\\Balatro\\Mods\\Cryptid\\lovely\\Voucher.toml", ignoring it
WARN - [♥] Unknown key `patches.47.?.match_indent` found in patch file at "C:\\Users\\Grayson\\AppData\\Roaming\\Balatro\\Mods\\smods-old-calc\\lovely\\fixes.toml", ignoring it
INFO - [♥] Cleaning up dumps directory at "C:\\Users\\Grayson\\AppData\\Roaming\\Balatro\\Mods\\lovely\\dump"
INFO - [♥] Initialization complete in 939ms
WARN - [♥] Pattern 'G.ARGS.score_intensity.organ = G.video_organ or G.ARGS.score_intensity.required_score > 0 and math.max(math.min(0.4, 0.1*math.log(G.ARGS.score_intensity.earned_score/(G.ARGS.score_intensity.required_score+1), 5)),0.) or 0' on target 'main.lua' resulted in no matches
WARN - [♥] Pattern 'if type(G.GAME.current_round.current_hand.chips) ~= \'number\' or type(G.GAME.current_round.current_hand.mult) ~= \'number\' then' on target 'main.lua' resulted in no matches
INFO - [♥] Applied 15 patches to 'main.lua'
INFO - [♥] Applied 2 patches to 'engine/string_packer.lua'
INFO - [♥] Applied 6 patches to 'engine/controller.lua'
INFO - [♥] Applied 13 patches to 'back.lua'
INFO - [♥] Applied 15 patches to 'tag.lua'
INFO - [♥] Applied 2 patches to 'engine/moveable.lua'
INFO - [♥] Applied 2 patches to 'engine/sprite.lua'
INFO - [♥] Applied 2 patches to 'engine/animatedsprite.lua'
WARN - [♥] Pattern 'assembled_string = assembled_string..(type(subpart) == \'string\' and subpart or args.vars[tonumber(subpart[1])] or \'ERROR\')' on target 'functions/misc_functions.lua' resulted in no matches
INFO - [♥] Applied 48 patches to 'functions/misc_functions.lua'
INFO - [♥] Applied 78 patches to 'game.lua'
INFO - [♥] Applied 1 patch to 'globals.lua'
INFO - [♥] Applied 6 patches to 'engine/ui.lua'
WARN - [♥] Pattern '{card_limit = _size, type = \'consumeable\', highlight_limit = 1}' on target 'functions/UI_definitions.lua' resulted in no matches
WARN - [♥] Pattern '{n=G.UIT.T, config={text = G.GAME.hands[handname].chips, scale = 0.45, colour = G.C.UI.TEXT_LIGHT}},' on target 'functions/UI_definitions.lua' resulted in no matches
WARN - [♥] Pattern '{n=G.UIT.T, config={text = G.GAME.hands[handname].mult, scale = 0.45, colour = G.C.UI.TEXT_LIGHT}}' on target 'functions/UI_definitions.lua' resulted in no matches
INFO - [♥] Applied 86 patches to 'functions/UI_definitions.lua'
WARN - [♥] Pattern 'end\n    end\n\n    }) end\n' on target 'functions/state_events.lua' resulted in no matches
WARN - [♥] Pattern 'ease_to = G.GAME.chips + math.floor(hand_chips * mult) * (e and e.antiscore and -1 or 1),' on target 'functions/state_events.lua' resulted in no matches
WARN - [♥] Pattern 'if cards_destroyed[i].ability.name == \'Glass Card\' then' on target 'functions/state_events.lua' resulted in no matches
WARN - [♥] Pattern 'local hand_space = e or math.min(#G.deck.cards, G.hand.config.card_limit - #G.hand.cards)' on target 'functions/state_events.lua' resulted in no matches
WARN - [♥] Pattern 'if SMODS.has_enhancement(scoring_hand[i], \'m_glass\') and not scoring_hand[i].debuff and pseudorandom(\'glass\') < G.GAME.probabilities.normal/scoring_hand[i].ability.extra then' on target 'functions/state_events.lua' resulted in no matches
INFO - [♥] Applied 113 patches to 'functions/state_events.lua'
WARN - [♥] Regex '(?<indent>[\\t ]*)if G\\.F_NO_ACHIEVEMENTS then return end\\n[\\s\\S][\\s\\S]{16}--\\|LOCAL SETTINGS FILE' on target 'functions/common_events.lua' resulted in no matches
WARN - [♥] Pattern 'function generate_card_ui(_c, full_UI_table, specific_vars, card_type, badges, hide_desc, main_start, main_end)' on target 'functions/common_events.lua' resulted in no matches
WARN - [♥] Pattern '{n=G.UIT.T, config={text = localize(\'$\')..config.dollars, scale = 1.2*scale, colour = G.C.WHITE, shadow = true, juice = true}}' on target 'functions/common_events.lua' resulted in no matches
WARN - [♥] Pattern 'bbbbb' on target 'functions/common_events.lua' resulted in no matches
WARN - [♥] Pattern 'elseif _c.name == \'Cryptid\' then loc_vars = {_c.config.extra}' on target 'functions/common_events.lua' resulted in no matches
WARN - [♥] Pattern 'elseif _c.name == \"Clearance Sale\" or _c.name == \"Liquidation\" then loc_vars = {_c.config.extra}' on target 'functions/common_events.lua' resulted in no matches
WARN - [♥] Pattern 'elseif v.boss.showdown and (G.GAME.round_resets.ante)%G.GAME.win_ante == 0 and G.GAME.round_resets.ante >= 2 then' on target 'functions/common_events.lua' resulted in no matches
WARN - [♥] Pattern 'if v == \'negative_consumable\' then info_queue[#info_queue+1] = {key = \'e_negative_consumable\', set = \'Edition\', config = {extra = 1}} end' on target 'functions/common_events.lua' resulted in no matches
WARN - [♥] Pattern 'func = (function() if eval_func(card) then if not first or first then card:juice_up(0.1, 0.1) end;juice_card_until(card, eval_func, nil, 0.8) end return true end)' on target 'functions/common_events.lua' resulted in no matches
INFO - [♥] Applied 126 patches to 'functions/common_events.lua'
WARN - [♥] Pattern 'G.pack_cards:emplace(v)' on target 'functions/button_callbacks.lua' resulted in no matches
INFO - [♥] Applied 52 patches to 'functions/button_callbacks.lua'
WARN - [♥] Pattern 'if center_table.name == \'Overstock\' or center_table.name == \'Overstock Plus\' then' on target 'card.lua' resulted in no matches
WARN - [♥] Pattern 'if self.ability.name == \'Campfire\' and G.GAME.blind.boss and not (G.GAME.blind.config and G.GAME.blind.config.bonus) and self.ability.x_mult > 1 then' on target 'card.lua' resulted in no matches
WARN - [♥] Pattern 'if self.ability.name:find(\'Arcana\') then' on target 'card.lua' resulted in no matches
WARN - [♥] Pattern 'if center_table.name == \'Overstock\' or center_table.name == \'Overstock Plus\' then' on target 'card.lua' resulted in no matches
WARN - [♥] Pattern 'if self.ability.name == \'The Hermit\' or self.ability.consumeable.hand_type or self.ability.name == \'Temperance\' or self.ability.name == \'Black Hole\' then' on target 'card.lua' resulted in no matches
WARN - [♥] Pattern 'if self.ability.queue_negative_removal then' on target 'card.lua' resulted in no matches
WARN - [♥] Pattern 'if G.GAME.blind then G.E_MANAGER:add_event(Event({ func = function() G.GAME.blind:set_blind(nil, true, nil); return true end })) end' on target 'card.lua' resulted in no matches
WARN - [♥] Pattern 'elseif self.ability.name == \'Business Card\' then loc_vars = {\'\'..(G.GAME and G.GAME.probabilities.normal or 1), self.ability.extra}' on target 'card.lua' resulted in no matches
WARN - [♥] Pattern 'pseudorandom(\'business\') < G.GAME.probabilities.normal/self.ability.extra then' on target 'card.lua' resulted in no matches
INFO - [♥] Applied 228 patches to 'card.lua'
WARN - [♥] Pattern 'table.sort(self.cards, function (a, b) return a.T.x + a.T.w/2 - 100*(a.pinned and a.sort_id or 0) < b.T.x + b.T.w/2 - 100*(b.pinned and b.sort_id or 0) end)' on target 'cardarea.lua' resulted in no matches
INFO - [♥] Applied 14 patches to 'cardarea.lua'
INFO - [♥] Applied 32 patches to 'blind.lua'
INFO - [♥] Applied 5 patches to 'engine/text.lua'
INFO - [G] Failed to connect to the debug server
INFO - [G] 2025-02-12 17:37:27 :: DEBUG :: DebugConsole :: Steamodded Debug Socket started !
INFO - [♥] Applied 9 patches to 'engine/sound_manager.lua'
INFO - [♥] Applied 2 patches to 'engine/string_packer.lua'
INFO - [G] 2025-02-12 17:37:29 :: TRACE :: Loader :: Processing Mod file (Legacy header): Cryptid.lua
INFO - [G] 2025-02-12 17:37:29 :: TRACE :: Loader :: Saving Mod Info: Cryptid
INFO - [G] 2025-02-12 17:37:29 :: TRACE :: Loader :: Processing Mod file (Legacy header): steamodded_metadata.lua
INFO - [G] 2025-02-12 17:37:29 :: TRACE :: Loader :: Saving Mod Info: Talisman
INFO - [G] Loading file Achievements.lua
INFO - [G] Loading file Antimatter.lua
INFO - [G] Loading file Blinds.lua
INFO - [G] Loading file Challenges.lua
INFO - [G] Loading file CodeCards.lua
INFO - [G] Loading file CryptidJokerDisplay.lua
INFO - [G] Warning: CryptidJokerDisplay.lua has no items
INFO - [G] Loading file Decks.lua
INFO - [G] Loading file Enhanced.lua
INFO - [G] Loading file EpicJokers.lua
INFO - [G] Loading file Exotic.lua
INFO - [G] Loading file M.lua
INFO - [G] Loading file Misc.lua
INFO - [G] Loading file MiscJokers.lua
INFO - [G] Loading file Planets.lua
INFO - [G] Loading file Sleeves.lua
INFO - [G] Loading file Spectrals.lua
INFO - [G] Loading file Spooky.lua
INFO - [G] Loading file Stakes.lua
INFO - [G] Loading file Tags.lua
INFO - [G] Loading file Vouchers.lua
INFO - [G] Loading file dummy_https.lua
INFO - [G] Loading file dummy_timerblinds.lua
INFO - [G] Warning: dummy_timerblinds.lua has no items
INFO - [G] 2025-02-12 17:37:29 :: WARN  :: Atlas :: Detected duplicate register call on object cry_modicon
INFO - [G] 2025-02-12 17:37:29 :: WARN  :: Atlas :: Detected duplicate register call on object cry_placeholders
INFO - [G] 2025-02-12 17:37:29 :: WARN  :: Atlas :: Detected duplicate register call on object cry_atlasepic
INFO - [G] 2025-02-12 17:37:29 :: WARN  :: Atlas :: Detected duplicate register call on object cry_atlasone
INFO - [G] 2025-02-12 17:37:29 :: WARN  :: Atlas :: Detected duplicate register call on object cry_atlastwo
INFO - [G] 2025-02-12 17:37:29 :: WARN  :: Atlas :: Detected duplicate register call on object cry_atlasthree
INFO - [G] 2025-02-12 17:37:29 :: WARN  :: Atlas :: Detected duplicate register call on object cry_atlasspooky
INFO - [G] 2025-02-12 17:37:29 :: WARN  :: Atlas :: Detected duplicate register call on object cry_atlasexotic
INFO - [G] 2025-02-12 17:37:29 :: WARN  :: Atlas :: Detected duplicate register call on object cry_atlasnotjokers
INFO - [G] 2025-02-12 17:37:29 :: WARN  :: Atlas :: Detected duplicate register call on object cry_tag_cry
INFO - [G] 2025-02-12 17:37:29 :: WARN  :: Atlas :: Detected duplicate register call on object cry_misc
INFO - [G] 2025-02-12 17:37:29 :: WARN  :: Sticker :: Detected duplicate register call on object perishable
INFO - [G] 2025-02-12 17:37:29 :: WARN  :: Sticker :: Detected duplicate register call on object pinned
INFO - [G] 2025-02-12 17:37:29 :: WARN  :: Sticker :: Detected duplicate register call on object eternal
INFO - [G] 2025-02-12 17:37:29 :: WARN  :: Sticker :: Detected duplicate register call on object rental
INFO - [G] 2025-02-12 17:37:29 :: INFO  :: TIMER :: [0000] Injected Language in 0.001 ms
INFO - [G] 2025-02-12 17:37:29 :: INFO  :: TIMER :: [0000] Injected [INTERNAL] in 14.819 ms
INFO - [G] 2025-02-12 17:37:30 :: INFO  :: TIMER :: [0030] Injected Atlas in 997.271 ms
INFO - [G] 2025-02-12 17:37:31 :: INFO  :: TIMER :: [0025] Injected Sound in 190.358 ms
INFO - [G] 2025-02-12 17:37:31 :: INFO  :: TIMER :: [0032] Injected Stake in 0.589 ms
INFO - [G] 2025-02-12 17:37:31 :: INFO  :: TIMER :: [0008] Injected Rarity in 0.030 ms
INFO - [G] 2025-02-12 17:37:31 :: INFO  :: TIMER :: [0007] Injected ObjectType in 0.131 ms
INFO - [G] 2025-02-12 17:37:31 :: INFO  :: TIMER :: [0400] Injected Center in 3.474 ms
INFO - [G] 2025-02-12 17:37:31 :: INFO  :: TIMER :: [0011] Injected Undiscovered Sprite in 0.015 ms
INFO - [G] 2025-02-12 17:37:31 :: INFO  :: TIMER :: [0027] Injected Blind in 0.118 ms
INFO - [G] 2025-02-12 17:37:31 :: INFO  :: TIMER :: [0002] Injected Seal in 0.080 ms
INFO - [G] 2025-02-12 17:37:31 :: INFO  :: TIMER :: [0004] Injected Suit in 0.137 ms
INFO - [G] 2025-02-12 17:37:31 :: INFO  :: TIMER :: [0013] Injected Rank in 0.206 ms
INFO - [G] 2025-02-12 17:37:31 :: INFO  :: TIMER :: [0016] Injected DeckSkin in 0.070 ms
INFO - [G] 2025-02-12 17:37:31 :: INFO  :: TIMER :: [0016] Injected PokerHand in 0.151 ms
INFO - [G] 2025-02-12 17:37:31 :: INFO  :: TIMER :: [0031] Injected Challenge in 0.314 ms
INFO - [G] 2025-02-12 17:37:31 :: INFO  :: TIMER :: [0028] Injected Tag in 0.634 ms
INFO - [G] 2025-02-12 17:37:31 :: INFO  :: TIMER :: [0010] Injected Sticker in 0.946 ms
INFO - [G] 2025-02-12 17:37:31 :: INFO  :: TIMER :: [0009] Injected Shader in 243.345 ms
INFO - [G] 2025-02-12 17:37:31 :: INFO  :: TIMER :: [0001] Injected Keybind in 0.013 ms
INFO - [G] 2025-02-12 17:37:31 :: INFO  :: TIMER :: [0020] Injected Achievement in 0.110 ms
INFO - [G] 2025-02-12 17:37:31 :: INFO  :: TIMER :: [0000] Injected [INTERNAL] in 14.759 ms
INFO - [G] 2025-02-12 17:37:31 :: INFO  :: TIMER :: [0011] Injected Event in 0.024 ms
INFO - [G] LONG DT @ 2931: 0.05798283935899
INFO - [G] LONG DT @ 2931: 0.052260471487209
INFO - [G] LONG DT @ 4040: 0.054088254860777
INFO - [G] LONG DT @ 4763: 0.097314513496651
INFO - [G] LONG DT @ 4763: 0.08432163079719
INFO - [G] LONG DT @ 4763: 0.070851244637776
INFO - [G] LONG DT @ 4763: 0.059873075710229
INFO - [G] LONG DT @ 4763: 0.051455160568264
INFO - [G] LONG DT @ 4815: 0.052291731077303
INFO - [G] LONG DT @ 5086: 0.054840318999959
INFO - [G] LONG DT @ 5089: 0.052265334345768
INFO - [G] LONG DT @ 5237: 0.065309376935117
INFO - [G] LONG DT @ 5237: 0.056756841548097
INFO - [G] LONG DT @ 5237: 0.050034673238568
INFO - [G] LONG DT @ 5252: 0.055295341213678
INFO - [G] LONG DT @ 5252: 0.060650938376802
INFO - [G] LONG DT @ 5252: 0.052896610701514
INFO - [G] LONG DT @ 5295: 0.061237388195357
INFO - [G] LONG DT @ 5295: 0.053153670556405
INFO - [G] LONG DT @ 5347: 0.065908088327902
INFO - [G] LONG DT @ 5347: 0.057077170662354
INFO - [G] LONG DT @ 5347: 0.050025376529857
INFO - [G] LONG DT @ 5411: 0.051156057768106
INFO - [G] LONG DT @ 5547: 0.063051737336762
INFO - [G] LONG DT @ 5547: 0.054087169869488
INFO - [G] LONG DT @ 5705: 0.050118463486065
INFO - [G] LONG DT @ 5712: 0.067538087191613
INFO - [G] LONG DT @ 5712: 0.057567489753403
INFO - [G] LONG DT @ 5724: 0.057244627848538
INFO - [G] LONG DT @ 5724: 0.050670682278853
INFO - [G] LONG DT @ 5760: 0.05762446603659
INFO - [G] LONG DT @ 5760: 0.051813092829153
INFO - [G] LONG DT @ 5804: 0.096203377222255
INFO - [G] LONG DT @ 5805: 0.080571641777853
INFO - [G] LONG DT @ 5805: 0.068217013422147
INFO - [G] LONG DT @ 5805: 0.058019870737773
INFO - [G] LONG DT @ 5805: 0.050416076590221
INFO - [G] LONG DT @ 5835: 0.051285668405999
INFO - [G] LONG DT @ 5959: 0.090627682113563
INFO - [G] LONG DT @ 5959: 0.076552505690961
INFO - [G] LONG DT @ 5959: 0.065850344552636
INFO - [G] LONG DT @ 5959: 0.057427375642277
INFO - [G] LONG DT @ 5959: 0.050200880513762
INFO - [G] LONG DT @ 6214: 0.088573510136072
INFO - [G] LONG DT @ 6215: 0.075215408108886
INFO - [G] LONG DT @ 6215: 0.064785946486982
INFO - [G] LONG DT @ 6215: 0.056324297189647
INFO - [G] LONG DT @ 6252: 0.074026075616517
INFO - [G] LONG DT @ 6252: 0.064232100493235
INFO - [G] LONG DT @ 6252: 0.05679748039459
INFO - [G] LONG DT @ 6278: 0.1
INFO - [G] LONG DT @ 6278: 0.085216539999856
INFO - [G] LONG DT @ 6278: 0.074049852000047
INFO - [G] LONG DT @ 6278: 0.063511341599874
INFO - [G] LONG DT @ 6278: 0.055187193279901
INFO - [G] LONG DT @ 6280: 0.050104417803736
INFO - [G] LONG DT @ 6280: 0.050731254243077
INFO - [G] LONG DT @ 6280: 0.050808423394427
INFO - [G] LONG DT @ 6280: 0.051270938715525
INFO - [G] LONG DT @ 6280: 0.051287410972481
INFO - [G] LONG DT @ 6280: 0.05137444877802
INFO - [G] LONG DT @ 6280: 0.051384859022448
INFO - [G] LONG DT @ 6280: 0.05165518721792
INFO - [G] LONG DT @ 6280: 0.051965689774297
INFO - [G] LONG DT @ 6280: 0.051938331819467
INFO - [G] LONG DT @ 6280: 0.051474805455503
INFO - [G] LONG DT @ 6290: 0.062643262325472
INFO - [G] LONG DT @ 6290: 0.054180249860422
INFO - [G] LONG DT @ 6350: 0.065258810793026
INFO - [G] LONG DT @ 6350: 0.05615344863437
INFO - [G] LONG DT @ 6407: 0.061691114616044
INFO - [G] LONG DT @ 6407: 0.05413337169288
INFO - [G] LONG DT @ 6449: 0.074363618656409
INFO - [G] LONG DT @ 6449: 0.064485894924999
INFO - [G] LONG DT @ 6449: 0.056878575940083
INFO - [G] LONG DT @ 6449: 0.050867720752075
INFO - [G] LONG DT @ 6457: 0.058749468283372
INFO - [G] LONG DT @ 6457: 0.053146694626575
INFO - [G] LONG DT @ 6521: 0.050467495691967
INFO - [G] LONG DT @ 6564: 0.080719279991938
INFO - [G] LONG DT @ 6564: 0.069529303993544
INFO - [G] LONG DT @ 6564: 0.060738703194928
INFO - [G] LONG DT @ 6564: 0.053364042555847
INFO - [G] LONG DT @ 6618: 0.067912829520879
INFO - [G] LONG DT @ 6618: 0.060115943616712
INFO - [G] LONG DT @ 6618: 0.052188994893405
INFO - [G] LONG DT @ 6618: 0.070706040967046
INFO - [G] LONG DT @ 6618: 0.060579312773569
INFO - [G] LONG DT @ 6618: 0.052677510218905
INFO - [G] LONG DT @ 6633: 0.052302656057974
INFO - [G] LONG DT @ 6635: 0.050226556521787
INFO - [G] LONG DT @ 6635: 0.050484485217278
INFO - [G] LONG DT @ 6635: 0.050687108173903
INFO - [G] LONG DT @ 6635: 0.050521846539083
INFO - [G] LONG DT @ 6693: 0.073151728157878
INFO - [G] LONG DT @ 6694: 0.06307480252635
INFO - [G] LONG DT @ 6694: 0.054699562021158
INFO - [G] LONG DT @ 6738: 0.053063099467959
INFO - [G] LONG DT @ 6863: 0.076726177098402
INFO - [G] LONG DT @ 6863: 0.065633441678796
INFO - [G] LONG DT @ 6863: 0.056557973342966
INFO - [G] LONG DT @ 6871: 0.052987846056475
INFO - [G] LONG DT @ 6897: 0.058844470465294
INFO - [G] LONG DT @ 6897: 0.052796076372151
INFO - [G] LONG DT @ 6900: 0.064258474070429
INFO - [G] LONG DT @ 6900: 0.055927379256412
INFO - [G] LONG DT @ 6909: 0.069871334511779
INFO - [G] LONG DT @ 6909: 0.060992367609417
INFO - [G] LONG DT @ 6909: 0.053721774087639
INFO - [G] LONG DT @ 7033: 0.05946164869767
INFO - [G] LONG DT @ 7033: 0.052670398958304
INFO - [G] LONG DT @ 7109: 0.053596583484621
INFO - [G] LONG DT @ 7110: 0.1
INFO - [G] LONG DT @ 7110: 0.084653160000089
INFO - [G] LONG DT @ 7110: 0.07186176799993
INFO - [G] LONG DT @ 7110: 0.061491634400019
INFO - [G] LONG DT @ 7110: 0.054218107519971
INFO - [G] LONG DT @ 7151: 0.050160422685436
INFO - [G] LONG DT @ 7151: 0.050547878148279
INFO - [G] LONG DT @ 7151: 0.050910222518678
INFO - [G] LONG DT @ 7151: 0.051143418014871
INFO - [G] LONG DT @ 7151: 0.051211614411884
INFO - [G] LONG DT @ 7151: 0.051588151529575
INFO - [G] LONG DT @ 7151: 0.051390661223732
INFO - [G] LONG DT @ 7151: 0.050319528978864
INFO - [G] LONG DT @ 7530: 0.055642388651956
INFO - [G] LONG DT @ 7534: 0.05820696052282
INFO - [G] LONG DT @ 7534: 0.051099728418259
INFO - [G] LONG DT @ 7537: 0.1
INFO - [G] LONG DT @ 7537: 0.084427199999918
INFO - [G] LONG DT @ 7537: 0.071910999999986
INFO - [G] LONG DT @ 7537: 0.064438639999923
INFO - [G] LONG DT @ 7537: 0.058399092000027
INFO - [G] LONG DT @ 7537: 0.053372693599951
INFO - [G] LONG DT @ 7549: 0.055911840286937
INFO - [G] LONG DT @ 7549: 0.051191332229495
INFO - [G] LONG DT @ 7585: 0.057891823178542
INFO - [G] LONG DT @ 7585: 0.052611038542788
INFO - [G] LONG DT @ 7670: 0.071579087531945
INFO - [G] LONG DT @ 7670: 0.1
INFO - [G] LONG DT @ 7670: 0.084122579999967
INFO - [G] LONG DT @ 7671: 0.07136180399992
INFO - [G] LONG DT @ 7671: 0.061075023200089
INFO - [G] LONG DT @ 7671: 0.05291153855992
INFO - [G] LONG DT @ 7690: 0.054420233181888
INFO - [G] LONG DT @ 7733: 0.066149476337564
INFO - [G] LONG DT @ 7733: 0.057138501069999
INFO - [G] LONG DT @ 7733: 0.050372540855937
INFO - [G] LONG DT @ 7828: 0.050586209331152
INFO - [G] LONG DT @ 7828: 0.051295867464769
INFO - [G] LONG DT @ 7828: 0.052144593971839
INFO - [G] LONG DT @ 7828: 0.052596335177583
INFO - [G] LONG DT @ 7828: 0.053233548142021
INFO - [G] LONG DT @ 7828: 0.054391638513644
INFO - [G] LONG DT @ 7828: 0.055847850810853
INFO - [G] LONG DT @ 7828: 0.1
INFO - [G] LONG DT @ 7828: 0.090992799999985
INFO - [G] LONG DT @ 7828: 0.083514539999946
INFO - [G] LONG DT @ 7829: 0.077482071999878
INFO - [G] LONG DT @ 7829: 0.072917697599982
INFO - [G] LONG DT @ 7829: 0.069716578079958
INFO - [G] LONG DT @ 7829: 0.068008742463948
INFO - [G] LONG DT @ 7829: 0.060385413971223
INFO - [G] LONG DT @ 7829: 0.053343551176969
INFO - [G] LONG DT @ 7928: 0.052346318990251
INFO - [G] LONG DT @ 7928: 0.065693635192149
INFO - [G] LONG DT @ 7928: 0.057643168153767
INFO - [G] LONG DT @ 7928: 0.050681434522932
INFO - [G] LONG DT @ 7939: 0.1
INFO - [G] LONG DT @ 7940: 0.084485919999934
INFO - [G] LONG DT @ 7940: 0.073205296000036
INFO - [G] LONG DT @ 7940: 0.064923316800068
INFO - [G] LONG DT @ 7940: 0.057620033440041
INFO - [G] LONG DT @ 7940: 0.051196726752036
INFO - [G] LONG DT @ 7982: 0.1
INFO - [G] LONG DT @ 7982: 0.088312419999857
INFO - [G] LONG DT @ 7982: 0.078702695999986
INFO - [G] LONG DT @ 7982: 0.071616776800004
INFO - [G] LONG DT @ 7983: 0.066018581439998
INFO - [G] LONG DT @ 7983: 0.061343145151881
INFO - [G] LONG DT @ 7983: 0.057352216121649
INFO - [G] LONG DT @ 7983: 0.055610652897285
INFO - [G] LONG DT @ 7983: 0.053224802317731
INFO - [G] LONG DT @ 7983: 0.051354901854155
INFO - [G] LONG DT @ 7983: 0.050758081483356
INFO - [G] LONG DT @ 7984: 0.071599796629704
INFO - [G] LONG DT @ 7984: 0.061634797303673
INFO - [G] LONG DT @ 7984: 0.053829357842918
INFO - [G] LONG DT @ 7998: 0.061247620556613
INFO - [G] LONG DT @ 7998: 0.054497056445404
INFO - [G] LONG DT @ 8027: 0.060481801426351
INFO - [G] LONG DT @ 8027: 0.1
INFO - [G] LONG DT @ 8027: 0.087768720000058
INFO - [G] LONG DT @ 8027: 0.076954675999936
INFO - [G] LONG DT @ 8027: 0.068368960799972
INFO - [G] LONG DT @ 8027: 0.061360808640006
INFO - [G] LONG DT @ 8027: 0.055891446911974
INFO - [G] LONG DT @ 8027: 0.051461317529676
INFO - [G] LONG DT @ 8029: 0.050987156030062
INFO - [G] LONG DT @ 8029: 0.054293544824055
INFO - [G] LONG DT @ 8029: 0.057563895859294
INFO - [G] LONG DT @ 8029: 0.058117616687291
INFO - [G] LONG DT @ 8029: 0.056324773349882
INFO - [G] LONG DT @ 8029: 0.051251818679916
INFO - [G] LONG DT @ 8038: 0.051097714498083
INFO - [G] LONG DT @ 8138: 0.068680113140945
INFO - [G] LONG DT @ 8139: 0.059792170512766
INFO - [G] LONG DT @ 8139: 0.053196296410171
INFO - [G] LONG DT @ 8157: 0.062261185317323
INFO - [G] LONG DT @ 8157: 0.054512508253911
INFO - [G] LONG DT @ 8194: 0.051621991838853
INFO - [G] LONG DT @ 8205: 0.054873777712027
INFO - [G] LONG DT @ 8216: 0.071321791442104
INFO - [G] LONG DT @ 8216: 0.061942333153571
INFO - [G] LONG DT @ 8217: 0.053939966523049
INFO - [G] LONG DT @ 8222: 0.057335458772202
INFO - [G] LONG DT @ 8222: 0.05159460701791
INFO - [G] LONG DT @ 8255: 0.050823301079452
INFO - [G] LONG DT @ 8255: 0.051950820863434
INFO - [G] LONG DT @ 8255: 0.053597436690582
INFO - [G] LONG DT @ 8255: 0.05472232935265
INFO - [G] LONG DT @ 8255: 0.054937383482121
INFO - [G] LONG DT @ 8255: 0.055012906785619
INFO - [G] LONG DT @ 8255: 0.055411925428449
INFO - [G] LONG DT @ 8255: 0.055017840342797
INFO - [G] LONG DT @ 8255: 0.054948632274339
INFO - [G] LONG DT @ 8255: 0.055256005819336
INFO - [G] LONG DT @ 8255: 0.055125244655442
INFO - [G] LONG DT @ 8255: 0.055071335724391
INFO - [G] LONG DT @ 8255: 0.055005128579523
INFO - [G] LONG DT @ 8255: 0.055615502863656
INFO - [G] LONG DT @ 8256: 0.055420782290966
INFO - [G] LONG DT @ 8256: 0.055632865832638
INFO - [G] LONG DT @ 8256: 0.055989412666158
INFO - [G] LONG DT @ 8256: 0.056878370133047
INFO - [G] LONG DT @ 8256: 0.1
INFO - [G] LONG DT @ 8256: 0.090852460000024
INFO - [G] LONG DT @ 8256: 0.083538207999722
INFO - [G] LONG DT @ 8256: 0.077758226399793
INFO - [G] LONG DT @ 8256: 0.073644981119877
INFO - [G] LONG DT @ 8256: 0.069831224895933
INFO - [G] LONG DT @ 8256: 0.067333979916962
INFO - [G] LONG DT @ 8256: 0.06384968393332
INFO - [G] LONG DT @ 8256: 0.056765047146843
INFO - [G] LONG DT @ 8256: 0.050056657717292
INFO - [G] LONG DT @ 8268: 0.064176574788607
INFO - [G] LONG DT @ 12: 0.052969999830682
