INFO - [♥] Lovely 0.6.0
INFO - [♥] Game directory is at "X:\\SteamLibrary\\steamapps\\common\\Balatro"
INFO - [♥] Writing logs to "C:\\Users\\Grayson\\AppData\\Roaming\\Balatro\\Mods\\lovely\\log"
INFO - [♥] Using mod directory at "C:\\Users\\Grayson\\AppData\\Roaming\\Balatro\\Mods"
WARN - [♥] Unknown key `patches.0.?.match_indent` found in patch file at "C:\\Users\\Grayson\\AppData\\Roaming\\Balatro\\Mods\\Multiplayer-beta-0.1.7.9\\lovely.toml", ignoring it
WARN - [♥] Unknown key `patches.1.?.match_indent` found in patch file at "C:\\Users\\Grayson\\AppData\\Roaming\\Balatro\\Mods\\Multiplayer-beta-0.1.7.9\\lovely.toml", ignoring it
WARN - [♥] Unknown key `patches.47.?.match_indent` found in patch file at "C:\\Users\\Grayson\\AppData\\Roaming\\Balatro\\Mods\\smods-old-calc\\lovely\\fixes.toml", ignoring it
INFO - [♥] Initialization complete in 292ms
INFO - [♥] Applied 12 patches to 'main.lua'
INFO - [♥] Applied 5 patches to 'engine/controller.lua'
INFO - [♥] Applied 11 patches to 'back.lua'
INFO - [♥] Applied 5 patches to 'tag.lua'
INFO - [♥] Applied 1 patch to 'engine/moveable.lua'
INFO - [♥] Applied 2 patches to 'engine/sprite.lua'
INFO - [♥] Applied 2 patches to 'engine/animatedsprite.lua'
INFO - [♥] Applied 41 patches to 'functions/misc_functions.lua'
INFO - [♥] Applied 25 patches to 'game.lua'
INFO - [♥] Applied 1 patch to 'globals.lua'
INFO - [♥] Applied 3 patches to 'engine/ui.lua'
INFO - [♥] Applied 69 patches to 'functions/UI_definitions.lua'
WARN - [♥] Pattern 'end\n    end\n\n    }) end\n' on target 'functions/state_events.lua' resulted in no matches
INFO - [♥] Applied 59 patches to 'functions/state_events.lua'
WARN - [♥] Regex '(?<indent>[\\t ]*)if G\\.F_NO_ACHIEVEMENTS then return end\\n[\\s\\S][\\s\\S]{16}--\\|LOCAL SETTINGS FILE' on target 'functions/common_events.lua' resulted in no matches
INFO - [♥] Applied 72 patches to 'functions/common_events.lua'
WARN - [♥] Pattern 'G.pack_cards:emplace(v)' on target 'functions/button_callbacks.lua' resulted in no matches
INFO - [♥] Applied 33 patches to 'functions/button_callbacks.lua'
INFO - [♥] Applied 126 patches to 'card.lua'
INFO - [♥] Applied 6 patches to 'cardarea.lua'
INFO - [♥] Applied 30 patches to 'blind.lua'
INFO - [♥] Applied 2 patches to 'engine/text.lua'
INFO - [G] Failed to connect to the debug server
INFO - [G] 2025-02-15 22:31:55 :: DEBUG :: DebugConsole :: Steamodded Debug Socket started !
INFO - [♥] Applied 9 patches to 'engine/sound_manager.lua'
INFO - [♥] Applied 1 patch to 'engine/save_manager.lua'
INFO - [G] 2025-02-15 22:31:56 :: INFO  :: DefaultLogger :: Valid JSON file found
INFO - [G] 2025-02-15 22:31:57 :: TRACE :: MULTIPLAYER :: Client sent message: connect
INFO - [G] 2025-02-15 22:31:57 :: INFO  :: TIMER :: [0000] Injected Language in 0.002 ms
INFO - [G] 2025-02-15 22:31:57 :: INFO  :: TIMER :: [0000] Injected [INTERNAL] in 1.940 ms
INFO - [G] 2025-02-15 22:31:57 :: INFO  :: TIMER :: [0004] Injected Atlas in 600.764 ms
INFO - [G] 2025-02-15 22:31:57 :: INFO  :: TIMER :: [0000] Injected Sound in 0.001 ms
INFO - [G] 2025-02-15 22:31:57 :: INFO  :: TIMER :: [0008] Injected Stake in 0.231 ms
INFO - [G] 2025-02-15 22:31:57 :: INFO  :: TIMER :: [0004] Injected Rarity in 0.033 ms
INFO - [G] 2025-02-15 22:31:57 :: INFO  :: TIMER :: [0004] Injected ObjectType in 0.067 ms
INFO - [G] 2025-02-15 22:31:57 :: INFO  :: TIMER :: [0047] Injected Center in 0.658 ms
INFO - [G] 2025-02-15 22:31:57 :: INFO  :: TIMER :: [0007] Injected Undiscovered Sprite in 0.018 ms
INFO - [G] 2025-02-15 22:31:57 :: INFO  :: TIMER :: [0003] Injected Blind in 0.026 ms
INFO - [G] 2025-02-15 22:31:57 :: INFO  :: TIMER :: [0000] Injected Seal in 0.002 ms
INFO - [G] 2025-02-15 22:31:57 :: INFO  :: TIMER :: [0004] Injected Suit in 0.110 ms
INFO - [G] 2025-02-15 22:31:57 :: INFO  :: TIMER :: [0013] Injected Rank in 0.096 ms
INFO - [G] 2025-02-15 22:31:57 :: INFO  :: TIMER :: [0016] Injected DeckSkin in 0.051 ms
INFO - [G] 2025-02-15 22:31:57 :: INFO  :: TIMER :: [0012] Injected PokerHand in 0.169 ms
INFO - [G] 2025-02-15 22:31:57 :: INFO  :: TIMER :: [0021] Injected Challenge in 0.101 ms
INFO - [G] 2025-02-15 22:31:57 :: INFO  :: TIMER :: [0000] Injected Tag in 0.002 ms
INFO - [G] 2025-02-15 22:31:57 :: INFO  :: TIMER :: [0004] Injected Sticker in 0.092 ms
INFO - [G] 2025-02-15 22:31:57 :: INFO  :: TIMER :: [0000] Injected Shader in 0.001 ms
INFO - [G] 2025-02-15 22:31:57 :: INFO  :: TIMER :: [0001] Injected Keybind in 0.015 ms
INFO - [G] 2025-02-15 22:31:57 :: INFO  :: TIMER :: [0000] Injected Achievement in 0.052 ms
INFO - [G] 2025-02-15 22:31:57 :: INFO  :: TIMER :: [0000] Injected [INTERNAL] in 1.998 ms
INFO - [G] 2025-02-15 22:31:58 :: TRACE :: MULTIPLAYER :: Client got connected message:  (action: connected) 
INFO - [G] 2025-02-15 22:31:58 :: TRACE :: MULTIPLAYER :: Client sent message: action:username,username:Guest,modHash:
INFO - [G] 2025-02-15 22:31:58 :: TRACE :: MULTIPLAYER :: Client got version message:  (action: version) 
INFO - [G] 2025-02-15 22:31:58 :: TRACE :: MULTIPLAYER :: Client sent message: action:version,version:0.1.7.9-MULTIPLAYER
INFO - [G] 2025-02-15 22:31:58 :: INFO  :: MULTIPLAYER :: Generated Mod Hash: 1965
INFO - [G] 2025-02-15 22:31:58 :: TRACE :: MULTIPLAYER :: Client sent message: action:username,username:Guest,modHash:VirtualizedMultiplayer-0.1.7.9;
INFO - [G] 2025-02-15 22:33:05 :: TRACE :: MULTIPLAYER :: Client sent message: action:username,username:Greytakespics,modHash:VirtualizedMultiplayer-0.1.7.9;
INFO - [G] 2025-02-15 22:33:06 :: TRACE :: MULTIPLAYER :: Client sent message: action:username,username:Greytakespics,modHash:VirtualizedMultiplayer-0.1.7.9;
